20240212 22:02:33 INFO  [main] commontest.Addition Addition.java12 - Program started
20240212 22:02:33 INFO  [main] commontest.Addition Addition.java15 - Data are intialized
20240212 22:02:33 INFO  [main] commontest.Addition Addition.java17 - math operation has performed
20240212 22:02:33 INFO  [main] commontest.Addition Addition.java19 - success
20240212 22:02:33 INFO  [main] commontest.Addition Addition.java27 - program ended
20240212 22:03:09 INFO  [main] commontest.addition addition.java12 - Program started
20240212 22:03:09 INFO  [main] commontest.addition addition.java15 - Data are intialized
20240212 22:03:09 INFO  [main] commontest.addition addition.java17 - math operation has performed
20240212 22:03:09 INFO  [main] commontest.addition addition.java19 - success
20240212 22:03:09 INFO  [main] commontest.addition addition.java27 - program ended
20240213 15:59:40 INFO  [main] commontest.Addition Addition.java12 - Program started
20240213 15:59:40 INFO  [main] commontest.Addition Addition.java15 - Data are intialized
20240213 15:59:40 INFO  [main] commontest.Addition Addition.java17 - math operation has performed
20240213 15:59:40 INFO  [main] commontest.Addition Addition.java19 - success
20240213 15:59:40 INFO  [main] commontest.Addition Addition.java27 - program ended
20240213 15:59:45 INFO  [main] commontest.Addition Addition.java12 - Program started
20240213 15:59:45 INFO  [main] commontest.Addition Addition.java15 - Data are intialized
20240213 15:59:45 INFO  [main] commontest.Addition Addition.java17 - math operation has performed
20240213 15:59:45 INFO  [main] commontest.Addition Addition.java19 - success
20240213 15:59:45 INFO  [main] commontest.Addition Addition.java27 - program ended
20240217 19:21:17 INFO  [main] commontest.Addition Addition.java12 - Program started
20240217 19:21:17 INFO  [main] commontest.Addition Addition.java15 - Data are intialized
20240217 19:21:17 INFO  [main] commontest.Addition Addition.java17 - math operation has performed
20240217 19:21:17 INFO  [main] commontest.Addition Addition.java19 - success
20240217 19:21:17 INFO  [main] commontest.Addition Addition.java27 - program ended
20240217 19:23:53 INFO  [main] commontest.Addition Addition.java12 - Program started
20240217 19:23:53 INFO  [main] commontest.Addition Addition.java15 - Data are intialized
20240217 19:23:53 INFO  [main] commontest.Addition Addition.java17 - math operation has performed
20240217 19:23:53 INFO  [main] commontest.Addition Addition.java19 - success
20240217 19:23:53 INFO  [main] commontest.Addition Addition.java27 - program ended
20240217 19:40:47 INFO  [main] Tekarch.BaseTest BaseTest.java34 - browser instance chrome created.
20240217 19:40:47 INFO  [main] Tekarch.BaseTest BaseTest.java36 - window is maximized
20240217 19:40:48 INFO  [main] Tekarch.BaseTest BaseTest.java79 - username data is entered in username textbox
20240217 19:40:48 INFO  [main] Tekarch.BaseTest BaseTest.java79 - username data is entered in password textbox
20240217 19:40:53 INFO  [main] Tekarch.BaseTest BaseTest.java88 - Loginbutton is clicked
20240217 22:03:57 INFO  [main] Tekarch.BaseTest BaseTest.java34 - browser instance chrome created.
20240217 22:03:57 INFO  [main] Tekarch.BaseTest BaseTest.java36 - window is maximized
20240217 22:03:58 INFO  [main] Tekarch.BaseTest BaseTest.java79 - username data is entered in username textbox
20240217 22:03:58 INFO  [main] Tekarch.BaseTest BaseTest.java79 - username data is entered in password textbox
20240217 22:04:06 INFO  [main] Tekarch.BaseTest BaseTest.java88 - Loginbutton is clicked
20240218 18:46:33 INFO  [main] Tekarch.BaseTest BaseTest.java34 - browser instance chrome created.
20240218 18:46:33 INFO  [main] Tekarch.BaseTest BaseTest.java36 - window is maximized
20240218 18:46:35 INFO  [main] Tekarch.BaseTest BaseTest.java79 - username data is entered in username textbox
20240218 18:46:35 INFO  [main] Tekarch.BaseTest BaseTest.java88 - Loginbutton is clicked
20240218 18:46:41 INFO  [main] Tekarch.BaseTest BaseTest.java34 - browser instance chrome created.
20240218 18:46:42 INFO  [main] Tekarch.BaseTest BaseTest.java36 - window is maximized
20240218 18:46:43 INFO  [main] Tekarch.BaseTest BaseTest.java79 - username data is entered in username textbox
20240218 18:46:44 INFO  [main] Tekarch.BaseTest BaseTest.java79 - username data is entered in password textbox
20240218 18:46:48 INFO  [main] Tekarch.BaseTest BaseTest.java88 - Loginbutton is clicked
20240218 18:46:55 INFO  [main] Tekarch.BaseTest BaseTest.java34 - browser instance chrome created.
20240218 18:46:55 INFO  [main] Tekarch.BaseTest BaseTest.java36 - window is maximized
20240218 18:46:55 INFO  [main] Tekarch.BaseTest BaseTest.java79 - username data is entered in username textbox
20240218 18:46:56 INFO  [main] Tekarch.BaseTest BaseTest.java79 - username data is entered in password textbox
20240218 18:46:59 INFO  [main] Tekarch.BaseTest BaseTest.java88 - Loginbutton is clicked
20240218 18:47:05 INFO  [main] Tekarch.BaseTest BaseTest.java34 - browser instance chrome created.
20240218 18:47:05 INFO  [main] Tekarch.BaseTest BaseTest.java36 - window is maximized
20240218 18:47:06 INFO  [main] Tekarch.BaseTest BaseTest.java79 - username data is entered in username textbox
20240218 18:47:06 INFO  [main] Tekarch.BaseTest BaseTest.java88 - Loginbutton is clicked
20240218 18:47:14 INFO  [main] Tekarch.BaseTest BaseTest.java34 - browser instance chrome created.
20240218 18:47:14 INFO  [main] Tekarch.BaseTest BaseTest.java36 - window is maximized
20240218 18:47:15 INFO  [main] Tekarch.BaseTest BaseTest.java79 - username data is entered in username textbox
20240218 18:47:15 INFO  [main] Tekarch.BaseTest BaseTest.java79 - username data is entered in password textbox
20240218 18:47:15 INFO  [main] Tekarch.BaseTest BaseTest.java88 - Loginbutton is clicked
20240218 19:10:11 INFO  [main] Tekarch.BaseTest BaseTest.java34 - browser instance chrome created.
20240218 19:10:11 INFO  [main] Tekarch.BaseTest BaseTest.java36 - window is maximized
20240218 19:10:12 INFO  [main] Tekarch.BaseTest BaseTest.java79 - username data is entered in username textbox
20240218 19:10:12 INFO  [main] Tekarch.BaseTest BaseTest.java79 - username data is entered in password textbox
20240218 19:10:15 INFO  [main] Tekarch.BaseTest BaseTest.java88 - Loginbutton is clicked
20240218 19:10:22 INFO  [main] Tekarch.BaseTest BaseTest.java34 - browser instance chrome created.
20240218 19:10:23 INFO  [main] Tekarch.BaseTest BaseTest.java36 - window is maximized
20240218 19:10:24 INFO  [main] Tekarch.BaseTest BaseTest.java79 - username data is entered in username textbox
20240218 19:10:24 INFO  [main] Tekarch.BaseTest BaseTest.java79 - username data is entered in password textbox
20240218 19:10:29 INFO  [main] Tekarch.BaseTest BaseTest.java88 - Loginbutton is clicked
20240218 19:10:46 INFO  [main] Tekarch.BaseTest BaseTest.java34 - browser instance chrome created.
20240218 19:10:46 INFO  [main] Tekarch.BaseTest BaseTest.java36 - window is maximized
20240218 19:10:47 INFO  [main] Tekarch.BaseTest BaseTest.java79 - username data is entered in username textbox
20240218 19:10:48 INFO  [main] Tekarch.BaseTest BaseTest.java79 - username data is entered in password textbox
20240218 19:10:51 INFO  [main] Tekarch.BaseTest BaseTest.java88 - Loginbutton is clicked
20240218 19:10:59 INFO  [main] Tekarch.BaseTest BaseTest.java34 - browser instance chrome created.
20240218 19:10:59 INFO  [main] Tekarch.BaseTest BaseTest.java36 - window is maximized
20240218 19:11:00 INFO  [main] Tekarch.BaseTest BaseTest.java79 - username data is entered in username textbox
20240218 19:11:00 INFO  [main] Tekarch.BaseTest BaseTest.java79 - username data is entered in password textbox
20240218 19:11:03 INFO  [main] Tekarch.BaseTest BaseTest.java88 - Loginbutton is clicked
20240218 19:11:11 INFO  [main] Tekarch.BaseTest BaseTest.java34 - browser instance chrome created.
20240218 19:11:11 INFO  [main] Tekarch.BaseTest BaseTest.java36 - window is maximized
20240218 19:11:12 INFO  [main] Tekarch.BaseTest BaseTest.java79 - username data is entered in username textbox
20240218 19:11:12 INFO  [main] Tekarch.BaseTest BaseTest.java79 - username data is entered in password textbox
20240218 19:11:19 INFO  [main] Tekarch.BaseTest BaseTest.java88 - Loginbutton is clicked
20240220 10:45:15 INFO  [main] Tekarch.BaseTest BaseTest.java34 - browser instance chrome created.
20240220 10:45:15 INFO  [main] Tekarch.BaseTest BaseTest.java36 - window is maximized
20240220 10:45:16 INFO  [main] Tekarch.BaseTest BaseTest.java79 - username data is entered in username textbox
20240220 10:45:17 INFO  [main] Tekarch.BaseTest BaseTest.java88 - Loginbutton is clicked
20240220 10:45:23 INFO  [main] Tekarch.BaseTest BaseTest.java34 - browser instance chrome created.
20240220 10:45:23 INFO  [main] Tekarch.BaseTest BaseTest.java36 - window is maximized
20240220 10:45:24 INFO  [main] Tekarch.BaseTest BaseTest.java79 - username data is entered in username textbox
20240220 10:45:24 INFO  [main] Tekarch.BaseTest BaseTest.java79 - username data is entered in password textbox
20240220 10:45:28 INFO  [main] Tekarch.BaseTest BaseTest.java88 - Loginbutton is clicked
20240220 10:45:35 INFO  [main] Tekarch.BaseTest BaseTest.java34 - browser instance chrome created.
20240220 10:45:35 INFO  [main] Tekarch.BaseTest BaseTest.java36 - window is maximized
20240220 10:45:35 INFO  [main] Tekarch.BaseTest BaseTest.java79 - username data is entered in username textbox
20240220 10:45:36 INFO  [main] Tekarch.BaseTest BaseTest.java79 - username data is entered in password textbox
20240220 10:45:39 INFO  [main] Tekarch.BaseTest BaseTest.java88 - Loginbutton is clicked
20240220 10:45:45 INFO  [main] Tekarch.BaseTest BaseTest.java34 - browser instance chrome created.
20240220 10:45:45 INFO  [main] Tekarch.BaseTest BaseTest.java36 - window is maximized
20240220 10:45:46 INFO  [main] Tekarch.BaseTest BaseTest.java79 - username data is entered in username textbox
20240220 10:45:46 INFO  [main] Tekarch.BaseTest BaseTest.java88 - Loginbutton is clicked
20240220 10:45:54 INFO  [main] Tekarch.BaseTest BaseTest.java34 - browser instance chrome created.
20240220 10:45:54 INFO  [main] Tekarch.BaseTest BaseTest.java36 - window is maximized
20240220 10:45:55 INFO  [main] Tekarch.BaseTest BaseTest.java79 - username data is entered in username textbox
20240220 10:45:55 INFO  [main] Tekarch.BaseTest BaseTest.java79 - username data is entered in password textbox
20240220 10:45:56 INFO  [main] Tekarch.BaseTest BaseTest.java88 - Loginbutton is clicked
20240220 11:11:01 INFO  [main] Tekarch.BaseTest BaseTest.java35 - browser instance chrome created.
20240220 11:11:01 INFO  [main] Tekarch.BaseTest BaseTest.java37 - window is maximized
20240220 11:11:03 INFO  [main] Tekarch.BaseTest BaseTest.java80 - username data is entered in username textbox
20240220 11:11:03 INFO  [main] Tekarch.BaseTest BaseTest.java89 - Loginbutton is clicked
20240220 11:11:10 INFO  [main] Tekarch.BaseTest BaseTest.java35 - browser instance chrome created.
20240220 11:11:10 INFO  [main] Tekarch.BaseTest BaseTest.java37 - window is maximized
20240220 11:11:11 INFO  [main] Tekarch.BaseTest BaseTest.java80 - username data is entered in username textbox
20240220 11:11:12 INFO  [main] Tekarch.BaseTest BaseTest.java80 - username data is entered in password textbox
20240220 11:11:14 INFO  [main] Tekarch.BaseTest BaseTest.java89 - Loginbutton is clicked
20240220 11:11:20 INFO  [main] Tekarch.BaseTest BaseTest.java35 - browser instance chrome created.
20240220 11:11:20 INFO  [main] Tekarch.BaseTest BaseTest.java37 - window is maximized
20240220 11:11:22 INFO  [main] Tekarch.BaseTest BaseTest.java80 - username data is entered in username textbox
20240220 11:11:22 INFO  [main] Tekarch.BaseTest BaseTest.java80 - username data is entered in password textbox
20240220 11:11:27 INFO  [main] Tekarch.BaseTest BaseTest.java89 - Loginbutton is clicked
20240220 11:11:33 INFO  [main] Tekarch.BaseTest BaseTest.java35 - browser instance chrome created.
20240220 11:11:33 INFO  [main] Tekarch.BaseTest BaseTest.java37 - window is maximized
20240220 11:11:35 INFO  [main] Tekarch.BaseTest BaseTest.java80 - username data is entered in username textbox
20240220 11:11:35 INFO  [main] Tekarch.BaseTest BaseTest.java89 - Loginbutton is clicked
20240220 11:11:43 INFO  [main] Tekarch.BaseTest BaseTest.java35 - browser instance chrome created.
20240220 11:11:43 INFO  [main] Tekarch.BaseTest BaseTest.java37 - window is maximized
20240220 11:11:44 INFO  [main] Tekarch.BaseTest BaseTest.java80 - username data is entered in username textbox
20240220 11:11:45 INFO  [main] Tekarch.BaseTest BaseTest.java80 - username data is entered in password textbox
20240220 11:11:45 INFO  [main] Tekarch.BaseTest BaseTest.java89 - Loginbutton is clicked
20240220 11:58:17 INFO  [main] Tekarch.BaseTest BaseTest.java35 - browser instance chrome created.
20240220 11:58:17 INFO  [main] Tekarch.BaseTest BaseTest.java37 - window is maximized
20240220 11:58:18 INFO  [main] Tekarch.BaseTest BaseTest.java80 - username data is entered in username textbox
20240220 11:58:18 INFO  [main] Tekarch.BaseTest BaseTest.java80 - username data is entered in password textbox
20240220 11:58:21 INFO  [main] Tekarch.BaseTest BaseTest.java89 - Loginbutton is clicked
20240220 12:26:07 INFO  [main] utilities.FirebaseListenerutility FirebaseListenerutility.java67 - ...........test excecution started.........
20240220 12:26:08 INFO  [main] utilities.FirebaseListenerutility FirebaseListenerutility.java22 - case2......test execution started.....
20240220 12:26:09 INFO  [main] salesforce.BaseTest BaseTest.java45 - browser instance chrome created
20240220 12:26:09 INFO  [main] salesforce.BaseTest BaseTest.java48 - window is maximized
20240220 12:26:10 INFO  [main] salesforce.BaseTest BaseTest.java92 - username data is entered in username textbox
20240220 12:26:10 INFO  [main] salesforce.BaseTest BaseTest.java92 - username data is entered in password textbox
20240220 12:26:13 INFO  [main] salesforce.BaseTest BaseTest.java101 - Loginbutton is clicked
20240220 12:26:18 INFO  [main] utilities.FirebaseListenerutility FirebaseListenerutility.java30 - ........test excecution completed with success
20240220 12:26:18 INFO  [main] utilities.FirebaseListenerutility FirebaseListenerutility.java73 - ......test excecution ended........
20240220 12:27:53 INFO  [main] utilities.FirebaseListenerutility FirebaseListenerutility.java67 - ...........test excecution started.........
20240220 12:27:53 INFO  [main] utilities.FirebaseListenerutility FirebaseListenerutility.java22 - case1......test execution started.....
20240220 12:27:54 INFO  [main] salesforce.BaseTest BaseTest.java45 - browser instance chrome created
20240220 12:27:55 INFO  [main] salesforce.BaseTest BaseTest.java48 - window is maximized
20240220 12:27:55 INFO  [main] salesforce.BaseTest BaseTest.java92 - username data is entered in username textbox
20240220 12:27:58 INFO  [main] salesforce.BaseTest BaseTest.java101 - Loginbutton is clicked
20240220 12:28:03 INFO  [main] utilities.FirebaseListenerutility FirebaseListenerutility.java30 - ........test excecution completed with success
20240220 12:28:03 INFO  [main] utilities.FirebaseListenerutility FirebaseListenerutility.java22 - case2......test execution started.....
20240220 12:28:04 INFO  [main] salesforce.BaseTest BaseTest.java45 - browser instance chrome created
20240220 12:28:04 INFO  [main] salesforce.BaseTest BaseTest.java48 - window is maximized
20240220 12:28:05 INFO  [main] salesforce.BaseTest BaseTest.java92 - username data is entered in username textbox
20240220 12:28:05 INFO  [main] salesforce.BaseTest BaseTest.java92 - username data is entered in password textbox
20240220 12:28:07 INFO  [main] salesforce.BaseTest BaseTest.java101 - Loginbutton is clicked
20240220 12:28:12 INFO  [main] utilities.FirebaseListenerutility FirebaseListenerutility.java30 - ........test excecution completed with success
20240220 12:28:13 INFO  [main] utilities.FirebaseListenerutility FirebaseListenerutility.java22 - case3......test execution started.....
20240220 12:28:13 INFO  [main] salesforce.BaseTest BaseTest.java45 - browser instance chrome created
20240220 12:28:13 INFO  [main] salesforce.BaseTest BaseTest.java48 - window is maximized
20240220 12:28:14 INFO  [main] salesforce.BaseTest BaseTest.java92 - username data is entered in username textbox
20240220 12:28:15 INFO  [main] salesforce.BaseTest BaseTest.java92 - username data is entered in password textbox
20240220 12:28:17 INFO  [main] salesforce.BaseTest BaseTest.java101 - Loginbutton is clicked
20240220 12:28:22 INFO  [main] utilities.FirebaseListenerutility FirebaseListenerutility.java30 - ........test excecution completed with success
20240220 12:28:22 INFO  [main] utilities.FirebaseListenerutility FirebaseListenerutility.java22 - case4A......test execution started.....
20240220 12:28:23 INFO  [main] salesforce.BaseTest BaseTest.java45 - browser instance chrome created
20240220 12:28:23 INFO  [main] salesforce.BaseTest BaseTest.java48 - window is maximized
20240220 12:28:23 INFO  [main] salesforce.BaseTest BaseTest.java92 - username data is entered in username textbox
20240220 12:28:24 INFO  [main] salesforce.BaseTest BaseTest.java101 - Loginbutton is clicked
20240220 12:28:30 INFO  [main] utilities.FirebaseListenerutility FirebaseListenerutility.java30 - ........test excecution completed with success
20240220 12:28:30 INFO  [main] utilities.FirebaseListenerutility FirebaseListenerutility.java22 - case4B......test execution started.....
20240220 12:28:31 INFO  [main] salesforce.BaseTest BaseTest.java45 - browser instance chrome created
20240220 12:28:31 INFO  [main] salesforce.BaseTest BaseTest.java48 - window is maximized
20240220 12:28:32 INFO  [main] salesforce.BaseTest BaseTest.java92 - username data is entered in username textbox
20240220 12:28:32 INFO  [main] salesforce.BaseTest BaseTest.java92 - username data is entered in password textbox
20240220 12:28:32 INFO  [main] salesforce.BaseTest BaseTest.java101 - Loginbutton is clicked
20240220 12:28:37 INFO  [main] utilities.FirebaseListenerutility FirebaseListenerutility.java30 - ........test excecution completed with success
20240220 12:28:37 INFO  [main] utilities.FirebaseListenerutility FirebaseListenerutility.java73 - ......test excecution ended........
20240220 12:33:11 INFO  [main] utilities.FirebaseListenerutility FirebaseListenerutility.java67 - ...........test excecution started.........
20240220 12:33:11 INFO  [main] utilities.FirebaseListenerutility FirebaseListenerutility.java22 - CaseNew10a......test execution started.....
20240220 12:33:12 INFO  [main] salesforce.BaseTest BaseTest.java45 - browser instance chrome created
20240220 12:33:12 INFO  [main] salesforce.BaseTest BaseTest.java48 - window is maximized
20240220 12:33:15 INFO  [main] utilities.FirebaseListenerutility FirebaseListenerutility.java36 - .....test excecution failed.....
20240220 12:33:15 INFO  [main] utilities.FirebaseListenerutility FirebaseListenerutility.java36 - .....test excecution failed.....
20240220 12:33:15 INFO  [main] utilities.FirebaseListenerutility FirebaseListenerutility.java73 - ......test excecution ended........
20240220 12:35:51 INFO  [main] utilities.FirebaseListenerutility FirebaseListenerutility.java67 - ...........test excecution started.........
20240220 12:35:51 INFO  [main] utilities.FirebaseListenerutility FirebaseListenerutility.java22 - CaseNew10a......test execution started.....
20240220 12:35:52 INFO  [main] salesforce.BaseTest BaseTest.java45 - browser instance chrome created
20240220 12:35:52 INFO  [main] salesforce.BaseTest BaseTest.java48 - window is maximized
20240220 12:35:55 INFO  [main] utilities.FirebaseListenerutility FirebaseListenerutility.java36 - .....test excecution failed.....
20240220 12:35:56 INFO  [main] utilities.FirebaseListenerutility FirebaseListenerutility.java36 - .....test excecution failed.....
20240220 12:35:56 INFO  [main] utilities.FirebaseListenerutility FirebaseListenerutility.java73 - ......test excecution ended........
20240220 12:39:43 INFO  [main] salesforce.BaseTest BaseTest.java45 - browser instance chrome created
20240220 12:39:43 INFO  [main] salesforce.BaseTest BaseTest.java48 - window is maximized
20240220 12:48:27 INFO  [main] salesforce.SFDCLoginMethod SFDCLoginMethod.java24 - ....chromedriver is intiated.....
20240220 12:48:28 INFO  [main] salesforce.SFDCLoginMethod SFDCLoginMethod.java26 - .......url has been opened.......
20240220 12:48:28 INFO  [main] salesforce.SFDCLoginMethod SFDCLoginMethod.java29 - Username is entered
20240220 12:48:28 INFO  [main] salesforce.SFDCLoginMethod SFDCLoginMethod.java32 - Password is entered
20240220 12:48:35 INFO  [main] salesforce.SFDCLoginMethod SFDCLoginMethod.java38 - .......salesforce login is succesful.......
20240220 12:53:52 INFO  [main] salesforce.SFDCLoginMethod SFDCLoginMethod.java27 - ....chromedriver is intiated.....
20240220 12:53:53 INFO  [main] salesforce.SFDCLoginMethod SFDCLoginMethod.java29 - .......url has been opened.......
20240220 12:53:53 INFO  [main] salesforce.SFDCLoginMethod SFDCLoginMethod.java32 - Username is entered
20240220 12:53:53 INFO  [main] salesforce.SFDCLoginMethod SFDCLoginMethod.java35 - Password is entered
20240220 12:54:00 INFO  [main] salesforce.SFDCLoginMethod SFDCLoginMethod.java41 - .......salesforce login is succesful.......
20240220 12:54:06 INFO  [main] salesforce.AccountAutomation AccountAutomation.java38 - logout is executed
20240220 12:55:22 INFO  [main] salesforce.SFDCLoginMethod SFDCLoginMethod.java27 - ....chromedriver is intiated.....
20240220 12:55:23 INFO  [main] salesforce.SFDCLoginMethod SFDCLoginMethod.java29 - .......url has been opened.......
20240220 12:55:23 INFO  [main] salesforce.SFDCLoginMethod SFDCLoginMethod.java32 - Username is entered
20240220 12:55:23 INFO  [main] salesforce.SFDCLoginMethod SFDCLoginMethod.java35 - Password is entered
20240220 12:55:30 INFO  [main] salesforce.SFDCLoginMethod SFDCLoginMethod.java41 - .......salesforce login is succesful.......
20240220 12:55:36 INFO  [main] salesforce.AccountAutomation AccountAutomation.java38 - logout is executed
20240220 12:56:13 INFO  [main] salesforce.SFDCLoginMethod SFDCLoginMethod.java27 - ....chromedriver is intiated.....
20240220 12:56:13 INFO  [main] salesforce.SFDCLoginMethod SFDCLoginMethod.java29 - .......url has been opened.......
20240220 12:56:13 INFO  [main] salesforce.SFDCLoginMethod SFDCLoginMethod.java32 - Username is entered
20240220 12:56:13 INFO  [main] salesforce.SFDCLoginMethod SFDCLoginMethod.java35 - Password is entered
20240220 12:56:21 INFO  [main] salesforce.SFDCLoginMethod SFDCLoginMethod.java41 - .......salesforce login is succesful.......
20240220 12:56:27 INFO  [main] salesforce.AccountAutomation AccountAutomation.java38 - logout is executed
20240220 12:58:16 INFO  [main] utilities.FirebaseListenerutility FirebaseListenerutility.java67 - ...........test excecution started.........
20240220 12:58:16 INFO  [main] utilities.FirebaseListenerutility FirebaseListenerutility.java22 - CaseNew10a......test execution started.....
20240220 12:58:17 INFO  [main] salesforce.SFDCLoginMethod SFDCLoginMethod.java27 - ....chromedriver is intiated.....
20240220 12:58:18 INFO  [main] salesforce.SFDCLoginMethod SFDCLoginMethod.java29 - .......url has been opened.......
20240220 12:58:18 INFO  [main] salesforce.SFDCLoginMethod SFDCLoginMethod.java32 - Username is entered
20240220 12:58:18 INFO  [main] salesforce.SFDCLoginMethod SFDCLoginMethod.java35 - Password is entered
20240220 12:58:25 INFO  [main] salesforce.SFDCLoginMethod SFDCLoginMethod.java41 - .......salesforce login is succesful.......
20240220 12:58:31 INFO  [main] salesforce.AccountAutomation AccountAutomation.java38 - logout is executed
20240220 12:58:48 INFO  [main] utilities.FirebaseListenerutility FirebaseListenerutility.java30 - ........test excecution completed with success
20240220 12:58:48 INFO  [main] utilities.FirebaseListenerutility FirebaseListenerutility.java22 - case10......test execution started.....
20240220 12:58:49 INFO  [main] salesforce.SFDCLoginMethod SFDCLoginMethod.java27 - ....chromedriver is intiated.....
20240220 12:58:49 INFO  [main] salesforce.SFDCLoginMethod SFDCLoginMethod.java29 - .......url has been opened.......
20240220 12:58:50 INFO  [main] salesforce.SFDCLoginMethod SFDCLoginMethod.java32 - Username is entered
20240220 12:58:50 INFO  [main] salesforce.SFDCLoginMethod SFDCLoginMethod.java35 - Password is entered
20240220 12:58:57 INFO  [main] salesforce.SFDCLoginMethod SFDCLoginMethod.java41 - .......salesforce login is succesful.......
20240220 12:59:02 INFO  [main] utilities.FirebaseListenerutility FirebaseListenerutility.java30 - ........test excecution completed with success
20240220 12:59:02 INFO  [main] utilities.FirebaseListenerutility FirebaseListenerutility.java22 - case11......test execution started.....
20240220 12:59:02 INFO  [main] salesforce.SFDCLoginMethod SFDCLoginMethod.java27 - ....chromedriver is intiated.....
20240220 12:59:03 INFO  [main] salesforce.SFDCLoginMethod SFDCLoginMethod.java29 - .......url has been opened.......
20240220 12:59:03 INFO  [main] salesforce.SFDCLoginMethod SFDCLoginMethod.java32 - Username is entered
20240220 12:59:03 INFO  [main] salesforce.SFDCLoginMethod SFDCLoginMethod.java35 - Password is entered
20240220 12:59:12 INFO  [main] salesforce.SFDCLoginMethod SFDCLoginMethod.java41 - .......salesforce login is succesful.......
20240220 12:59:14 INFO  [main] utilities.FirebaseListenerutility FirebaseListenerutility.java30 - ........test excecution completed with success
20240220 12:59:14 INFO  [main] utilities.FirebaseListenerutility FirebaseListenerutility.java22 - case12......test execution started.....
20240220 12:59:15 INFO  [main] salesforce.SFDCLoginMethod SFDCLoginMethod.java27 - ....chromedriver is intiated.....
20240220 12:59:16 INFO  [main] salesforce.SFDCLoginMethod SFDCLoginMethod.java29 - .......url has been opened.......
20240220 12:59:16 INFO  [main] salesforce.SFDCLoginMethod SFDCLoginMethod.java32 - Username is entered
20240220 12:59:16 INFO  [main] salesforce.SFDCLoginMethod SFDCLoginMethod.java35 - Password is entered
20240220 12:59:23 INFO  [main] salesforce.SFDCLoginMethod SFDCLoginMethod.java41 - .......salesforce login is succesful.......
20240220 12:59:27 INFO  [main] utilities.FirebaseListenerutility FirebaseListenerutility.java30 - ........test excecution completed with success
20240220 12:59:27 INFO  [main] utilities.FirebaseListenerutility FirebaseListenerutility.java22 - case13......test execution started.....
20240220 12:59:28 INFO  [main] salesforce.SFDCLoginMethod SFDCLoginMethod.java27 - ....chromedriver is intiated.....
20240220 12:59:28 INFO  [main] salesforce.SFDCLoginMethod SFDCLoginMethod.java29 - .......url has been opened.......
20240220 12:59:28 INFO  [main] salesforce.SFDCLoginMethod SFDCLoginMethod.java32 - Username is entered
20240220 12:59:28 INFO  [main] salesforce.SFDCLoginMethod SFDCLoginMethod.java35 - Password is entered
20240220 12:59:36 INFO  [main] salesforce.SFDCLoginMethod SFDCLoginMethod.java41 - .......salesforce login is succesful.......
20240220 12:59:41 INFO  [main] utilities.FirebaseListenerutility FirebaseListenerutility.java36 - .....test excecution failed.....
20240220 12:59:41 INFO  [main] utilities.FirebaseListenerutility FirebaseListenerutility.java36 - .....test excecution failed.....
20240220 12:59:41 INFO  [main] utilities.FirebaseListenerutility FirebaseListenerutility.java73 - ......test excecution ended........
20240220 13:15:02 INFO  [main] utilities.FirebaseListenerutility FirebaseListenerutility.java73 - ...........test excecution started.........
20240220 13:15:02 INFO  [main] utilities.FirebaseListenerutility FirebaseListenerutility.java28 - case20......test execution started.....
20240220 13:15:04 INFO  [main] salesforce.SFDCLoginMethod SFDCLoginMethod.java27 - ....chromedriver is intiated.....
20240220 13:15:05 INFO  [main] salesforce.SFDCLoginMethod SFDCLoginMethod.java29 - .......url has been opened.......
20240220 13:15:05 INFO  [main] salesforce.SFDCLoginMethod SFDCLoginMethod.java32 - Username is entered
20240220 13:15:05 INFO  [main] salesforce.SFDCLoginMethod SFDCLoginMethod.java35 - Password is entered
20240220 13:15:13 INFO  [main] salesforce.SFDCLoginMethod SFDCLoginMethod.java41 - .......salesforce login is succesful.......
20240220 13:15:17 INFO  [main] utilities.FirebaseListenerutility FirebaseListenerutility.java36 - ........test excecution completed with success
20240220 13:15:17 INFO  [main] utilities.FirebaseListenerutility FirebaseListenerutility.java79 - ......test excecution ended........
20240220 16:12:14 INFO  [main] utilities.FirebaseListenerutility FirebaseListenerutility.java73 - ...........test excecution started.........
20240220 16:12:14 INFO  [main] utilities.FirebaseListenerutility FirebaseListenerutility.java28 - case23......test execution started.....
20240220 16:12:34 INFO  [main] utilities.FirebaseListenerutility FirebaseListenerutility.java36 - ........test excecution completed with success
20240220 16:12:34 INFO  [main] utilities.FirebaseListenerutility FirebaseListenerutility.java79 - ......test excecution ended........
20240220 16:24:55 INFO  [main] Tekarch.BaseTest BaseTest.java35 - browser instance chrome created.
20240220 16:24:55 INFO  [main] Tekarch.BaseTest BaseTest.java37 - window is maximized
20240220 16:24:56 INFO  [main] Tekarch.BaseTest BaseTest.java80 - username data is entered in username textbox
20240220 16:24:57 INFO  [main] Tekarch.BaseTest BaseTest.java80 - username data is entered in password textbox
20240220 16:24:59 INFO  [main] Tekarch.BaseTest BaseTest.java89 - Loginbutton is clicked
20240220 16:25:07 INFO  [main] Tekarch.BaseTest BaseTest.java35 - browser instance chrome created.
20240220 16:25:07 INFO  [main] Tekarch.BaseTest BaseTest.java37 - window is maximized
20240220 16:25:08 INFO  [main] Tekarch.BaseTest BaseTest.java80 - username data is entered in username textbox
20240220 16:25:08 INFO  [main] Tekarch.BaseTest BaseTest.java80 - username data is entered in password textbox
20240220 16:25:14 INFO  [main] Tekarch.BaseTest BaseTest.java89 - Loginbutton is clicked
20240220 16:25:32 INFO  [main] Tekarch.BaseTest BaseTest.java35 - browser instance chrome created.
20240220 16:25:32 INFO  [main] Tekarch.BaseTest BaseTest.java37 - window is maximized
20240220 16:25:33 INFO  [main] Tekarch.BaseTest BaseTest.java80 - username data is entered in username textbox
20240220 16:25:33 INFO  [main] Tekarch.BaseTest BaseTest.java80 - username data is entered in password textbox
20240220 16:25:36 INFO  [main] Tekarch.BaseTest BaseTest.java89 - Loginbutton is clicked
20240220 16:25:44 INFO  [main] Tekarch.BaseTest BaseTest.java35 - browser instance chrome created.
20240220 16:25:44 INFO  [main] Tekarch.BaseTest BaseTest.java37 - window is maximized
20240220 16:25:48 INFO  [main] Tekarch.BaseTest BaseTest.java80 - username data is entered in username textbox
20240220 16:25:48 INFO  [main] Tekarch.BaseTest BaseTest.java80 - username data is entered in password textbox
20240220 16:25:54 INFO  [main] Tekarch.BaseTest BaseTest.java89 - Loginbutton is clicked
20240220 16:26:02 INFO  [main] Tekarch.BaseTest BaseTest.java35 - browser instance chrome created.
20240220 16:26:03 INFO  [main] Tekarch.BaseTest BaseTest.java37 - window is maximized
20240220 16:26:03 INFO  [main] Tekarch.BaseTest BaseTest.java80 - username data is entered in username textbox
20240220 16:26:04 INFO  [main] Tekarch.BaseTest BaseTest.java80 - username data is entered in password textbox
20240220 16:26:07 INFO  [main] Tekarch.BaseTest BaseTest.java89 - Loginbutton is clicked
20240220 16:40:41 INFO  [main] utilities.FirebaseListenerutility FirebaseListenerutility.java73 - ...........test excecution started.........
20240220 16:40:41 INFO  [main] utilities.FirebaseListenerutility FirebaseListenerutility.java28 - CaseNew10a......test execution started.....
20240220 16:40:43 INFO  [main] salesforce.SFDCLoginMethod SFDCLoginMethod.java27 - ....chromedriver is intiated.....
20240220 16:40:44 INFO  [main] salesforce.SFDCLoginMethod SFDCLoginMethod.java29 - .......url has been opened.......
20240220 16:40:44 INFO  [main] salesforce.SFDCLoginMethod SFDCLoginMethod.java32 - Username is entered
20240220 16:40:44 INFO  [main] salesforce.SFDCLoginMethod SFDCLoginMethod.java35 - Password is entered
20240220 16:40:52 INFO  [main] salesforce.SFDCLoginMethod SFDCLoginMethod.java41 - .......salesforce login is succesful.......
20240220 16:40:59 INFO  [main] salesforce.AccountAutomation AccountAutomation.java38 - logout is executed
20240220 16:41:12 INFO  [main] utilities.FirebaseListenerutility FirebaseListenerutility.java36 - ........test excecution completed with success
20240220 16:41:12 INFO  [main] utilities.FirebaseListenerutility FirebaseListenerutility.java28 - case10......test execution started.....
20240220 16:41:13 INFO  [main] salesforce.SFDCLoginMethod SFDCLoginMethod.java27 - ....chromedriver is intiated.....
20240220 16:41:14 INFO  [main] salesforce.SFDCLoginMethod SFDCLoginMethod.java29 - .......url has been opened.......
20240220 16:41:14 INFO  [main] salesforce.SFDCLoginMethod SFDCLoginMethod.java32 - Username is entered
20240220 16:41:14 INFO  [main] salesforce.SFDCLoginMethod SFDCLoginMethod.java35 - Password is entered
20240220 16:41:24 INFO  [main] salesforce.SFDCLoginMethod SFDCLoginMethod.java41 - .......salesforce login is succesful.......
20240220 16:41:29 INFO  [main] utilities.FirebaseListenerutility FirebaseListenerutility.java36 - ........test excecution completed with success
20240220 16:41:29 INFO  [main] utilities.FirebaseListenerutility FirebaseListenerutility.java28 - case11......test execution started.....
20240220 16:41:30 INFO  [main] salesforce.SFDCLoginMethod SFDCLoginMethod.java27 - ....chromedriver is intiated.....
20240220 16:41:31 INFO  [main] salesforce.SFDCLoginMethod SFDCLoginMethod.java29 - .......url has been opened.......
20240220 16:41:31 INFO  [main] salesforce.SFDCLoginMethod SFDCLoginMethod.java32 - Username is entered
20240220 16:41:31 INFO  [main] salesforce.SFDCLoginMethod SFDCLoginMethod.java35 - Password is entered
20240220 16:41:41 INFO  [main] salesforce.SFDCLoginMethod SFDCLoginMethod.java41 - .......salesforce login is succesful.......
20240220 16:41:43 INFO  [main] utilities.FirebaseListenerutility FirebaseListenerutility.java36 - ........test excecution completed with success
20240220 16:41:43 INFO  [main] utilities.FirebaseListenerutility FirebaseListenerutility.java28 - case12......test execution started.....
20240220 16:41:44 INFO  [main] salesforce.SFDCLoginMethod SFDCLoginMethod.java27 - ....chromedriver is intiated.....
20240220 16:41:45 INFO  [main] salesforce.SFDCLoginMethod SFDCLoginMethod.java29 - .......url has been opened.......
20240220 16:41:45 INFO  [main] salesforce.SFDCLoginMethod SFDCLoginMethod.java32 - Username is entered
20240220 16:41:45 INFO  [main] salesforce.SFDCLoginMethod SFDCLoginMethod.java35 - Password is entered
20240220 16:41:53 INFO  [main] salesforce.SFDCLoginMethod SFDCLoginMethod.java41 - .......salesforce login is succesful.......
20240220 16:41:57 INFO  [main] utilities.FirebaseListenerutility FirebaseListenerutility.java36 - ........test excecution completed with success
20240220 16:41:57 INFO  [main] utilities.FirebaseListenerutility FirebaseListenerutility.java28 - case13......test execution started.....
20240220 16:41:58 INFO  [main] salesforce.SFDCLoginMethod SFDCLoginMethod.java27 - ....chromedriver is intiated.....
20240220 16:41:59 INFO  [main] salesforce.SFDCLoginMethod SFDCLoginMethod.java29 - .......url has been opened.......
20240220 16:41:59 INFO  [main] salesforce.SFDCLoginMethod SFDCLoginMethod.java32 - Username is entered
20240220 16:41:59 INFO  [main] salesforce.SFDCLoginMethod SFDCLoginMethod.java35 - Password is entered
20240220 16:42:07 INFO  [main] salesforce.SFDCLoginMethod SFDCLoginMethod.java41 - .......salesforce login is succesful.......
20240220 16:42:11 INFO  [main] utilities.FirebaseListenerutility FirebaseListenerutility.java42 - .....test excecution failed.....
20240220 16:42:11 INFO  [main] utilities.FirebaseListenerutility FirebaseListenerutility.java42 - .....test excecution failed.....
20240220 16:42:11 INFO  [main] utilities.FirebaseListenerutility FirebaseListenerutility.java79 - ......test excecution ended........
20240220 16:42:41 INFO  [main] utilities.FirebaseListenerutility FirebaseListenerutility.java73 - ...........test excecution started.........
20240220 16:42:41 INFO  [main] utilities.FirebaseListenerutility FirebaseListenerutility.java28 - case13......test execution started.....
20240220 16:42:43 INFO  [main] salesforce.SFDCLoginMethod SFDCLoginMethod.java27 - ....chromedriver is intiated.....
20240220 16:42:44 INFO  [main] salesforce.SFDCLoginMethod SFDCLoginMethod.java29 - .......url has been opened.......
20240220 16:42:44 INFO  [main] salesforce.SFDCLoginMethod SFDCLoginMethod.java32 - Username is entered
20240220 16:42:44 INFO  [main] salesforce.SFDCLoginMethod SFDCLoginMethod.java35 - Password is entered
20240220 16:42:56 INFO  [main] salesforce.SFDCLoginMethod SFDCLoginMethod.java41 - .......salesforce login is succesful.......
20240220 16:43:00 INFO  [main] utilities.FirebaseListenerutility FirebaseListenerutility.java42 - .....test excecution failed.....
20240220 16:43:00 INFO  [main] utilities.FirebaseListenerutility FirebaseListenerutility.java42 - .....test excecution failed.....
20240220 16:43:00 INFO  [main] utilities.FirebaseListenerutility FirebaseListenerutility.java79 - ......test excecution ended........
20240220 18:02:00 INFO  [main] utilities.FirebaseListenerutility FirebaseListenerutility.java73 - ...........test excecution started.........
20240220 18:02:00 INFO  [main] utilities.FirebaseListenerutility FirebaseListenerutility.java28 - case2......test execution started.....
20240220 18:02:02 INFO  [main] salesforce.BaseTest BaseTest.java45 - browser instance chrome created
20240220 18:02:02 INFO  [main] salesforce.BaseTest BaseTest.java48 - window is maximized
20240220 18:02:03 INFO  [main] salesforce.BaseTest BaseTest.java92 - username data is entered in username textbox
20240220 18:02:03 INFO  [main] salesforce.BaseTest BaseTest.java92 - username data is entered in password textbox
20240220 18:02:08 INFO  [main] salesforce.BaseTest BaseTest.java101 - Loginbutton is clicked
20240220 18:02:14 INFO  [main] utilities.FirebaseListenerutility FirebaseListenerutility.java36 - ........test excecution completed with success
20240220 18:02:14 INFO  [main] utilities.FirebaseListenerutility FirebaseListenerutility.java79 - ......test excecution ended........
20240220 20:40:58 INFO  [main] salesforce.SFDCLoginMethod SFDCLoginMethod.java27 - ....chromedriver is intiated.....
20240220 20:40:58 INFO  [main] salesforce.SFDCLoginMethod SFDCLoginMethod.java29 - .......url has been opened.......
20240220 20:40:58 INFO  [main] salesforce.SFDCLoginMethod SFDCLoginMethod.java32 - Username is entered
20240220 20:40:59 INFO  [main] salesforce.SFDCLoginMethod SFDCLoginMethod.java35 - Password is entered
20240220 20:41:09 INFO  [main] salesforce.SFDCLoginMethod SFDCLoginMethod.java41 - .......salesforce login is succesful.......
20240220 20:47:50 INFO  [main] salesforce.SFDCLoginMethod SFDCLoginMethod.java27 - ....chromedriver is intiated.....
20240220 20:47:50 INFO  [main] salesforce.SFDCLoginMethod SFDCLoginMethod.java29 - .......url has been opened.......
20240220 20:47:50 INFO  [main] salesforce.SFDCLoginMethod SFDCLoginMethod.java32 - Username is entered
20240220 20:47:50 INFO  [main] salesforce.SFDCLoginMethod SFDCLoginMethod.java35 - Password is entered
20240220 20:48:00 INFO  [main] salesforce.SFDCLoginMethod SFDCLoginMethod.java41 - .......salesforce login is succesful.......
20240220 20:48:53 INFO  [main] salesforce.SFDCLoginMethod SFDCLoginMethod.java27 - ....chromedriver is intiated.....
20240220 20:48:54 INFO  [main] salesforce.SFDCLoginMethod SFDCLoginMethod.java29 - .......url has been opened.......
20240220 20:48:54 INFO  [main] salesforce.SFDCLoginMethod SFDCLoginMethod.java32 - Username is entered
20240220 20:48:54 INFO  [main] salesforce.SFDCLoginMethod SFDCLoginMethod.java35 - Password is entered
20240220 20:49:04 INFO  [main] salesforce.SFDCLoginMethod SFDCLoginMethod.java41 - .......salesforce login is succesful.......
20240220 20:50:03 INFO  [main] salesforce.SFDCLoginMethod SFDCLoginMethod.java27 - ....chromedriver is intiated.....
20240220 20:50:03 INFO  [main] salesforce.SFDCLoginMethod SFDCLoginMethod.java29 - .......url has been opened.......
20240220 20:50:04 INFO  [main] salesforce.SFDCLoginMethod SFDCLoginMethod.java32 - Username is entered
20240220 20:50:05 INFO  [main] salesforce.SFDCLoginMethod SFDCLoginMethod.java35 - Password is entered
20240220 20:50:16 INFO  [main] salesforce.SFDCLoginMethod SFDCLoginMethod.java41 - .......salesforce login is succesful.......
20240220 20:51:14 INFO  [main] salesforce.SFDCLoginMethod SFDCLoginMethod.java27 - ....chromedriver is intiated.....
20240220 20:51:15 INFO  [main] salesforce.SFDCLoginMethod SFDCLoginMethod.java29 - .......url has been opened.......
20240220 20:51:15 INFO  [main] salesforce.SFDCLoginMethod SFDCLoginMethod.java32 - Username is entered
20240220 20:51:15 INFO  [main] salesforce.SFDCLoginMethod SFDCLoginMethod.java35 - Password is entered
20240220 20:51:23 INFO  [main] salesforce.SFDCLoginMethod SFDCLoginMethod.java41 - .......salesforce login is succesful.......
20240220 20:56:20 INFO  [main] salesforce.SFDCLoginMethod SFDCLoginMethod.java27 - ....chromedriver is intiated.....
20240220 20:56:21 INFO  [main] salesforce.SFDCLoginMethod SFDCLoginMethod.java29 - .......url has been opened.......
20240220 20:56:21 INFO  [main] salesforce.SFDCLoginMethod SFDCLoginMethod.java32 - Username is entered
20240220 20:56:21 INFO  [main] salesforce.SFDCLoginMethod SFDCLoginMethod.java35 - Password is entered
20240220 20:56:31 INFO  [main] salesforce.SFDCLoginMethod SFDCLoginMethod.java41 - .......salesforce login is succesful.......
20240220 21:00:33 INFO  [main] salesforce.SFDCLoginMethod SFDCLoginMethod.java27 - ....chromedriver is intiated.....
20240220 21:00:34 INFO  [main] salesforce.SFDCLoginMethod SFDCLoginMethod.java29 - .......url has been opened.......
20240220 21:00:34 INFO  [main] salesforce.SFDCLoginMethod SFDCLoginMethod.java32 - Username is entered
20240220 21:00:34 INFO  [main] salesforce.SFDCLoginMethod SFDCLoginMethod.java35 - Password is entered
20240220 21:00:45 INFO  [main] salesforce.SFDCLoginMethod SFDCLoginMethod.java41 - .......salesforce login is succesful.......
20240220 21:03:03 INFO  [main] salesforce.SFDCLoginMethod SFDCLoginMethod.java27 - ....chromedriver is intiated.....
20240220 21:03:03 INFO  [main] salesforce.SFDCLoginMethod SFDCLoginMethod.java29 - .......url has been opened.......
20240220 21:03:03 INFO  [main] salesforce.SFDCLoginMethod SFDCLoginMethod.java32 - Username is entered
20240220 21:03:03 INFO  [main] salesforce.SFDCLoginMethod SFDCLoginMethod.java35 - Password is entered
20240220 21:03:11 INFO  [main] salesforce.SFDCLoginMethod SFDCLoginMethod.java41 - .......salesforce login is succesful.......
20240220 21:05:48 INFO  [main] salesforce.SFDCLoginMethod SFDCLoginMethod.java27 - ....chromedriver is intiated.....
20240220 21:05:49 INFO  [main] salesforce.SFDCLoginMethod SFDCLoginMethod.java29 - .......url has been opened.......
20240220 21:05:49 INFO  [main] salesforce.SFDCLoginMethod SFDCLoginMethod.java32 - Username is entered
20240220 21:05:49 INFO  [main] salesforce.SFDCLoginMethod SFDCLoginMethod.java35 - Password is entered
20240220 21:05:57 INFO  [main] salesforce.SFDCLoginMethod SFDCLoginMethod.java41 - .......salesforce login is succesful.......
20240220 21:13:20 INFO  [main] salesforce.SFDCLoginMethod SFDCLoginMethod.java27 - ....chromedriver is intiated.....
20240220 21:13:21 INFO  [main] salesforce.SFDCLoginMethod SFDCLoginMethod.java29 - .......url has been opened.......
20240220 21:13:21 INFO  [main] salesforce.SFDCLoginMethod SFDCLoginMethod.java32 - Username is entered
20240220 21:13:22 INFO  [main] salesforce.SFDCLoginMethod SFDCLoginMethod.java35 - Password is entered
20240220 21:13:34 INFO  [main] salesforce.SFDCLoginMethod SFDCLoginMethod.java41 - .......salesforce login is succesful.......
20240220 21:21:41 INFO  [main] salesforce.SFDCLoginMethod SFDCLoginMethod.java27 - ....chromedriver is intiated.....
20240220 21:21:41 INFO  [main] salesforce.SFDCLoginMethod SFDCLoginMethod.java29 - .......url has been opened.......
20240220 21:21:42 INFO  [main] salesforce.SFDCLoginMethod SFDCLoginMethod.java32 - Username is entered
20240220 21:21:42 INFO  [main] salesforce.SFDCLoginMethod SFDCLoginMethod.java35 - Password is entered
20240220 21:21:51 INFO  [main] salesforce.SFDCLoginMethod SFDCLoginMethod.java41 - .......salesforce login is succesful.......
20240220 21:23:47 INFO  [main] salesforce.SFDCLoginMethod SFDCLoginMethod.java27 - ....chromedriver is intiated.....
20240220 21:23:48 INFO  [main] salesforce.SFDCLoginMethod SFDCLoginMethod.java29 - .......url has been opened.......
20240220 21:23:48 INFO  [main] salesforce.SFDCLoginMethod SFDCLoginMethod.java32 - Username is entered
20240220 21:23:49 INFO  [main] salesforce.SFDCLoginMethod SFDCLoginMethod.java35 - Password is entered
20240220 21:23:56 INFO  [main] salesforce.SFDCLoginMethod SFDCLoginMethod.java41 - .......salesforce login is succesful.......
20240220 21:25:49 INFO  [main] salesforce.SFDCLoginMethod SFDCLoginMethod.java27 - ....chromedriver is intiated.....
20240220 21:25:49 INFO  [main] salesforce.SFDCLoginMethod SFDCLoginMethod.java29 - .......url has been opened.......
20240220 21:25:49 INFO  [main] salesforce.SFDCLoginMethod SFDCLoginMethod.java32 - Username is entered
20240220 21:25:50 INFO  [main] salesforce.SFDCLoginMethod SFDCLoginMethod.java35 - Password is entered
20240220 21:25:57 INFO  [main] salesforce.SFDCLoginMethod SFDCLoginMethod.java41 - .......salesforce login is succesful.......
20240220 21:26:40 INFO  [main] salesforce.SFDCLoginMethod SFDCLoginMethod.java27 - ....chromedriver is intiated.....
20240220 21:26:41 INFO  [main] salesforce.SFDCLoginMethod SFDCLoginMethod.java29 - .......url has been opened.......
20240220 21:26:41 INFO  [main] salesforce.SFDCLoginMethod SFDCLoginMethod.java32 - Username is entered
20240220 21:26:41 INFO  [main] salesforce.SFDCLoginMethod SFDCLoginMethod.java35 - Password is entered
20240220 21:26:51 INFO  [main] salesforce.SFDCLoginMethod SFDCLoginMethod.java41 - .......salesforce login is succesful.......
20240220 21:27:33 INFO  [main] salesforce.SFDCLoginMethod SFDCLoginMethod.java27 - ....chromedriver is intiated.....
20240220 21:27:34 INFO  [main] salesforce.SFDCLoginMethod SFDCLoginMethod.java29 - .......url has been opened.......
20240220 21:27:34 INFO  [main] salesforce.SFDCLoginMethod SFDCLoginMethod.java32 - Username is entered
20240220 21:27:34 INFO  [main] salesforce.SFDCLoginMethod SFDCLoginMethod.java35 - Password is entered
20240220 21:27:42 INFO  [main] salesforce.SFDCLoginMethod SFDCLoginMethod.java41 - .......salesforce login is succesful.......
20240220 21:28:15 INFO  [main] salesforce.SFDCLoginMethod SFDCLoginMethod.java27 - ....chromedriver is intiated.....
20240220 21:28:16 INFO  [main] salesforce.SFDCLoginMethod SFDCLoginMethod.java29 - .......url has been opened.......
20240220 21:28:16 INFO  [main] salesforce.SFDCLoginMethod SFDCLoginMethod.java32 - Username is entered
20240220 21:28:16 INFO  [main] salesforce.SFDCLoginMethod SFDCLoginMethod.java35 - Password is entered
20240220 21:28:24 INFO  [main] salesforce.SFDCLoginMethod SFDCLoginMethod.java41 - .......salesforce login is succesful.......
20240220 21:43:18 INFO  [main] utilities.FirebaseListenerutility FirebaseListenerutility.java73 - ...........test excecution started.........
20240220 21:43:18 INFO  [main] utilities.FirebaseListenerutility FirebaseListenerutility.java28 - caseTc25......test execution started.....
20240220 21:43:20 INFO  [main] salesforce.SFDCLoginMethod SFDCLoginMethod.java27 - ....chromedriver is intiated.....
20240220 21:43:21 INFO  [main] salesforce.SFDCLoginMethod SFDCLoginMethod.java29 - .......url has been opened.......
20240220 21:43:21 INFO  [main] salesforce.SFDCLoginMethod SFDCLoginMethod.java32 - Username is entered
20240220 21:43:21 INFO  [main] salesforce.SFDCLoginMethod SFDCLoginMethod.java35 - Password is entered
20240220 21:43:28 INFO  [main] salesforce.SFDCLoginMethod SFDCLoginMethod.java41 - .......salesforce login is succesful.......
20240220 21:43:33 INFO  [main] utilities.FirebaseListenerutility FirebaseListenerutility.java36 - ........test excecution completed with success
20240220 21:43:33 INFO  [main] utilities.FirebaseListenerutility FirebaseListenerutility.java79 - ......test excecution ended........
20240220 21:46:00 INFO  [main] utilities.FirebaseListenerutility FirebaseListenerutility.java73 - ...........test excecution started.........
20240220 21:46:00 INFO  [main] utilities.FirebaseListenerutility FirebaseListenerutility.java28 - caseTC26......test execution started.....
20240220 21:46:02 INFO  [main] salesforce.SFDCLoginMethod SFDCLoginMethod.java27 - ....chromedriver is intiated.....
20240220 21:46:02 INFO  [main] salesforce.SFDCLoginMethod SFDCLoginMethod.java29 - .......url has been opened.......
20240220 21:46:03 INFO  [main] salesforce.SFDCLoginMethod SFDCLoginMethod.java32 - Username is entered
20240220 21:46:03 INFO  [main] salesforce.SFDCLoginMethod SFDCLoginMethod.java35 - Password is entered
20240220 21:46:13 INFO  [main] salesforce.SFDCLoginMethod SFDCLoginMethod.java41 - .......salesforce login is succesful.......
20240220 21:46:15 INFO  [main] utilities.FirebaseListenerutility FirebaseListenerutility.java36 - ........test excecution completed with success
20240220 21:46:15 INFO  [main] utilities.FirebaseListenerutility FirebaseListenerutility.java79 - ......test excecution ended........
20240220 21:47:17 INFO  [main] utilities.FirebaseListenerutility FirebaseListenerutility.java73 - ...........test excecution started.........
20240220 21:47:17 INFO  [main] utilities.FirebaseListenerutility FirebaseListenerutility.java28 - CaseTC31......test execution started.....
20240220 21:47:19 INFO  [main] salesforce.SFDCLoginMethod SFDCLoginMethod.java27 - ....chromedriver is intiated.....
20240220 21:47:19 INFO  [main] salesforce.SFDCLoginMethod SFDCLoginMethod.java29 - .......url has been opened.......
20240220 21:47:19 INFO  [main] salesforce.SFDCLoginMethod SFDCLoginMethod.java32 - Username is entered
20240220 21:47:20 INFO  [main] salesforce.SFDCLoginMethod SFDCLoginMethod.java35 - Password is entered
20240220 21:47:28 INFO  [main] salesforce.SFDCLoginMethod SFDCLoginMethod.java41 - .......salesforce login is succesful.......
20240220 21:47:31 INFO  [main] utilities.FirebaseListenerutility FirebaseListenerutility.java36 - ........test excecution completed with success
20240220 21:47:31 INFO  [main] utilities.FirebaseListenerutility FirebaseListenerutility.java28 - CaseTc30......test execution started.....
20240220 21:47:32 INFO  [main] salesforce.SFDCLoginMethod SFDCLoginMethod.java27 - ....chromedriver is intiated.....
20240220 21:47:32 INFO  [main] salesforce.SFDCLoginMethod SFDCLoginMethod.java29 - .......url has been opened.......
20240220 21:47:32 INFO  [main] salesforce.SFDCLoginMethod SFDCLoginMethod.java32 - Username is entered
20240220 21:47:32 INFO  [main] salesforce.SFDCLoginMethod SFDCLoginMethod.java35 - Password is entered
20240220 21:47:42 INFO  [main] salesforce.SFDCLoginMethod SFDCLoginMethod.java41 - .......salesforce login is succesful.......
20240220 21:47:45 INFO  [main] utilities.FirebaseListenerutility FirebaseListenerutility.java36 - ........test excecution completed with success
20240220 21:47:45 INFO  [main] utilities.FirebaseListenerutility FirebaseListenerutility.java28 - CaseTc32......test execution started.....
20240220 21:47:46 INFO  [main] salesforce.SFDCLoginMethod SFDCLoginMethod.java27 - ....chromedriver is intiated.....
20240220 21:47:47 INFO  [main] salesforce.SFDCLoginMethod SFDCLoginMethod.java29 - .......url has been opened.......
20240220 21:47:47 INFO  [main] salesforce.SFDCLoginMethod SFDCLoginMethod.java32 - Username is entered
20240220 21:47:47 INFO  [main] salesforce.SFDCLoginMethod SFDCLoginMethod.java35 - Password is entered
20240220 21:47:57 INFO  [main] salesforce.SFDCLoginMethod SFDCLoginMethod.java41 - .......salesforce login is succesful.......
20240220 21:48:01 INFO  [main] utilities.FirebaseListenerutility FirebaseListenerutility.java36 - ........test excecution completed with success
20240220 21:48:01 INFO  [main] utilities.FirebaseListenerutility FirebaseListenerutility.java28 - caseTC26......test execution started.....
20240220 21:48:02 INFO  [main] salesforce.SFDCLoginMethod SFDCLoginMethod.java27 - ....chromedriver is intiated.....
20240220 21:48:02 INFO  [main] salesforce.SFDCLoginMethod SFDCLoginMethod.java29 - .......url has been opened.......
20240220 21:48:02 INFO  [main] salesforce.SFDCLoginMethod SFDCLoginMethod.java32 - Username is entered
20240220 21:48:02 INFO  [main] salesforce.SFDCLoginMethod SFDCLoginMethod.java35 - Password is entered
20240220 21:48:10 INFO  [main] salesforce.SFDCLoginMethod SFDCLoginMethod.java41 - .......salesforce login is succesful.......
20240220 21:48:12 INFO  [main] utilities.FirebaseListenerutility FirebaseListenerutility.java36 - ........test excecution completed with success
20240220 21:48:12 INFO  [main] utilities.FirebaseListenerutility FirebaseListenerutility.java28 - caseTC27......test execution started.....
20240220 21:48:13 INFO  [main] salesforce.SFDCLoginMethod SFDCLoginMethod.java27 - ....chromedriver is intiated.....
20240220 21:48:15 INFO  [main] salesforce.SFDCLoginMethod SFDCLoginMethod.java29 - .......url has been opened.......
20240220 21:48:15 INFO  [main] salesforce.SFDCLoginMethod SFDCLoginMethod.java32 - Username is entered
20240220 21:48:15 INFO  [main] salesforce.SFDCLoginMethod SFDCLoginMethod.java35 - Password is entered
20240220 21:48:23 INFO  [main] salesforce.SFDCLoginMethod SFDCLoginMethod.java41 - .......salesforce login is succesful.......
20240220 21:48:24 INFO  [main] utilities.FirebaseListenerutility FirebaseListenerutility.java36 - ........test excecution completed with success
20240220 21:48:24 INFO  [main] utilities.FirebaseListenerutility FirebaseListenerutility.java28 - caseTC28......test execution started.....
20240220 21:48:25 INFO  [main] salesforce.SFDCLoginMethod SFDCLoginMethod.java27 - ....chromedriver is intiated.....
20240220 21:48:26 INFO  [main] salesforce.SFDCLoginMethod SFDCLoginMethod.java29 - .......url has been opened.......
20240220 21:48:26 INFO  [main] salesforce.SFDCLoginMethod SFDCLoginMethod.java32 - Username is entered
20240220 21:48:26 INFO  [main] salesforce.SFDCLoginMethod SFDCLoginMethod.java35 - Password is entered
20240220 21:48:34 INFO  [main] salesforce.SFDCLoginMethod SFDCLoginMethod.java41 - .......salesforce login is succesful.......
20240220 21:48:37 INFO  [main] utilities.FirebaseListenerutility FirebaseListenerutility.java36 - ........test excecution completed with success
20240220 21:48:37 INFO  [main] utilities.FirebaseListenerutility FirebaseListenerutility.java28 - caseTC29......test execution started.....
20240220 21:48:38 INFO  [main] salesforce.SFDCLoginMethod SFDCLoginMethod.java27 - ....chromedriver is intiated.....
20240220 21:48:38 INFO  [main] salesforce.SFDCLoginMethod SFDCLoginMethod.java29 - .......url has been opened.......
20240220 21:48:39 INFO  [main] salesforce.SFDCLoginMethod SFDCLoginMethod.java32 - Username is entered
20240220 21:48:39 INFO  [main] salesforce.SFDCLoginMethod SFDCLoginMethod.java35 - Password is entered
20240220 21:48:48 INFO  [main] salesforce.SFDCLoginMethod SFDCLoginMethod.java41 - .......salesforce login is succesful.......
20240220 21:48:51 INFO  [main] utilities.FirebaseListenerutility FirebaseListenerutility.java36 - ........test excecution completed with success
20240220 21:48:51 INFO  [main] utilities.FirebaseListenerutility FirebaseListenerutility.java28 - caseTc25......test execution started.....
20240220 21:48:52 INFO  [main] salesforce.SFDCLoginMethod SFDCLoginMethod.java27 - ....chromedriver is intiated.....
20240220 21:48:52 INFO  [main] salesforce.SFDCLoginMethod SFDCLoginMethod.java29 - .......url has been opened.......
20240220 21:48:52 INFO  [main] salesforce.SFDCLoginMethod SFDCLoginMethod.java32 - Username is entered
20240220 21:48:53 INFO  [main] salesforce.SFDCLoginMethod SFDCLoginMethod.java35 - Password is entered
20240220 21:49:00 INFO  [main] salesforce.SFDCLoginMethod SFDCLoginMethod.java41 - .......salesforce login is succesful.......
20240220 21:49:03 INFO  [main] utilities.FirebaseListenerutility FirebaseListenerutility.java36 - ........test excecution completed with success
20240220 21:49:03 INFO  [main] utilities.FirebaseListenerutility FirebaseListenerutility.java79 - ......test excecution ended........
20240221 08:30:15 INFO  [main] salesforce.SFDCLoginMethod SFDCLoginMethod.java27 - ....chromedriver is intiated.....
20240221 08:30:16 INFO  [main] salesforce.SFDCLoginMethod SFDCLoginMethod.java29 - .......url has been opened.......
20240221 08:30:16 INFO  [main] salesforce.SFDCLoginMethod SFDCLoginMethod.java32 - Username is entered
20240221 08:30:16 INFO  [main] salesforce.SFDCLoginMethod SFDCLoginMethod.java35 - Password is entered
20240221 08:30:26 INFO  [main] salesforce.SFDCLoginMethod SFDCLoginMethod.java41 - .......salesforce login is succesful.......
20240221 09:57:47 INFO  [main] utilities.FirebaseListenerutility FirebaseListenerutility.java73 - ...........test excecution started.........
20240221 09:57:47 INFO  [main] utilities.FirebaseListenerutility FirebaseListenerutility.java28 - CaseNew10a......test execution started.....
20240221 09:57:49 INFO  [main] salesforce.SFDCLoginMethod SFDCLoginMethod.java27 - ....chromedriver is intiated.....
20240221 09:57:50 INFO  [main] salesforce.SFDCLoginMethod SFDCLoginMethod.java29 - .......url has been opened.......
20240221 09:57:50 INFO  [main] salesforce.SFDCLoginMethod SFDCLoginMethod.java32 - Username is entered
20240221 09:57:50 INFO  [main] salesforce.SFDCLoginMethod SFDCLoginMethod.java35 - Password is entered
20240221 09:57:58 INFO  [main] salesforce.SFDCLoginMethod SFDCLoginMethod.java41 - .......salesforce login is succesful.......
20240221 09:58:04 INFO  [main] salesforce.AccountAutomation AccountAutomation.java38 - logout is executed
20240221 09:58:17 INFO  [main] utilities.FirebaseListenerutility FirebaseListenerutility.java36 - ........test excecution completed with success
20240221 09:58:17 INFO  [main] utilities.FirebaseListenerutility FirebaseListenerutility.java28 - case10......test execution started.....
20240221 09:58:18 INFO  [main] salesforce.SFDCLoginMethod SFDCLoginMethod.java27 - ....chromedriver is intiated.....
20240221 09:58:19 INFO  [main] salesforce.SFDCLoginMethod SFDCLoginMethod.java29 - .......url has been opened.......
20240221 09:58:19 INFO  [main] salesforce.SFDCLoginMethod SFDCLoginMethod.java32 - Username is entered
20240221 09:58:19 INFO  [main] salesforce.SFDCLoginMethod SFDCLoginMethod.java35 - Password is entered
20240221 09:58:29 INFO  [main] salesforce.SFDCLoginMethod SFDCLoginMethod.java41 - .......salesforce login is succesful.......
20240221 09:58:34 INFO  [main] utilities.FirebaseListenerutility FirebaseListenerutility.java36 - ........test excecution completed with success
20240221 09:58:34 INFO  [main] utilities.FirebaseListenerutility FirebaseListenerutility.java28 - case11......test execution started.....
20240221 09:58:35 INFO  [main] salesforce.SFDCLoginMethod SFDCLoginMethod.java27 - ....chromedriver is intiated.....
20240221 09:58:36 INFO  [main] salesforce.SFDCLoginMethod SFDCLoginMethod.java29 - .......url has been opened.......
20240221 09:58:36 INFO  [main] salesforce.SFDCLoginMethod SFDCLoginMethod.java32 - Username is entered
20240221 09:58:36 INFO  [main] salesforce.SFDCLoginMethod SFDCLoginMethod.java35 - Password is entered
20240221 09:58:46 INFO  [main] salesforce.SFDCLoginMethod SFDCLoginMethod.java41 - .......salesforce login is succesful.......
20240221 09:58:57 INFO  [main] utilities.FirebaseListenerutility FirebaseListenerutility.java36 - ........test excecution completed with success
20240221 09:58:57 INFO  [main] utilities.FirebaseListenerutility FirebaseListenerutility.java28 - case12......test execution started.....
20240221 09:58:58 INFO  [main] salesforce.SFDCLoginMethod SFDCLoginMethod.java27 - ....chromedriver is intiated.....
20240221 09:58:58 INFO  [main] salesforce.SFDCLoginMethod SFDCLoginMethod.java29 - .......url has been opened.......
20240221 09:58:59 INFO  [main] salesforce.SFDCLoginMethod SFDCLoginMethod.java32 - Username is entered
20240221 09:58:59 INFO  [main] salesforce.SFDCLoginMethod SFDCLoginMethod.java35 - Password is entered
20240221 09:59:06 INFO  [main] salesforce.SFDCLoginMethod SFDCLoginMethod.java41 - .......salesforce login is succesful.......
20240221 09:59:15 INFO  [main] utilities.FirebaseListenerutility FirebaseListenerutility.java36 - ........test excecution completed with success
20240221 09:59:15 INFO  [main] utilities.FirebaseListenerutility FirebaseListenerutility.java28 - case13......test execution started.....
20240221 09:59:16 INFO  [main] salesforce.SFDCLoginMethod SFDCLoginMethod.java27 - ....chromedriver is intiated.....
20240221 09:59:16 INFO  [main] salesforce.SFDCLoginMethod SFDCLoginMethod.java29 - .......url has been opened.......
20240221 09:59:17 INFO  [main] salesforce.SFDCLoginMethod SFDCLoginMethod.java32 - Username is entered
20240221 09:59:17 INFO  [main] salesforce.SFDCLoginMethod SFDCLoginMethod.java35 - Password is entered
20240221 09:59:25 INFO  [main] salesforce.SFDCLoginMethod SFDCLoginMethod.java41 - .......salesforce login is succesful.......
20240221 09:59:29 INFO  [main] utilities.FirebaseListenerutility FirebaseListenerutility.java42 - .....test excecution failed.....
20240221 09:59:29 INFO  [main] utilities.FirebaseListenerutility FirebaseListenerutility.java42 - .....test excecution failed.....
20240221 09:59:29 INFO  [main] utilities.FirebaseListenerutility FirebaseListenerutility.java79 - ......test excecution ended........
